<?xml version="1.0" encoding="UTF-8"?>
<!-- Generated by org.testng.reporters.JUnitReportReporter -->
<testsuite hostname="Shaiz-Akber-G10" failures="0" tests="1" name="Tests.HomeTests" time="3.690" errors="0" timestamp="2025-06-26T19:01:50 PKT" skipped="0">
  <testcase classname="Tests.HomeTests" name="Scenario1" time="3.690"/>
</testsuite> <!-- Tests.HomeTests -->
